# JRE version: OpenJDK Runtime Environment (8.0_112-b06) (build 1.8.0_112-release-b06)
# Java VM: OpenJDK 64-Bit Server VM (25.112-b06 mixed mode windows-amd64 compressed oops)
Heap:
 PSYoungGen      total 355328K, used 74521K [0x00000000e0000000, 0x00000000fea00000, 0x0000000100000000)
  eden space 216064K, 13% used [0x00000000e0000000,0x00000000e1c51568,0x00000000ed300000)
  from space 139264K, 32% used [0x00000000f6200000,0x00000000f8e75280,0x00000000fea00000)
  to   space 142848K, 0% used [0x00000000ed300000,0x00000000ed300000,0x00000000f5e80000)
 ParOldGen       total 785408K, used 696451K [0x00000000a0000000, 0x00000000cff00000, 0x00000000e0000000)
  object space 785408K, 88% used [0x00000000a0000000,0x00000000ca820cf0,0x00000000cff00000)
 Metaspace       used 132687K, capacity 137548K, committed 137728K, reserved 1169408K
  class space    used 16272K, capacity 17640K, committed 17664K, reserved 1048576K
GC Heap History (10 events):
Event: 929.786 GC heap before
{Heap before GC invocations=46 (full 6):
 PSYoungGen      total 243712K, used 243571K [0x00000000e0000000, 0x00000000ff200000, 0x0000000100000000)
  eden space 175104K, 100% used [0x00000000e0000000,0x00000000eab00000,0x00000000eab00000)
  from space 68608K, 99% used [0x00000000eab00000,0x00000000eeddcdc8,0x00000000eee00000)
  to   space 167424K, 0% used [0x00000000f4e80000,0x00000000f4e80000,0x00000000ff200000)
 ParOldGen       total 785408K, used 534984K [0x00000000a0000000, 0x00000000cff00000, 0x00000000e0000000)
  object space 785408K, 68% used [0x00000000a0000000,0x00000000c0a72090,0x00000000cff00000)
 Metaspace       used 124029K, capacity 128496K, committed 128640K, reserved 1161216K
  class space    used 15230K, capacity 16478K, committed 16512K, reserved 1048576K
Event: 929.873 GC heap after
Heap after GC invocations=46 (full 6):
 PSYoungGen      total 350208K, used 39439K [0x00000000e0000000, 0x00000000fff00000, 0x0000000100000000)
  eden space 182784K, 0% used [0x00000000e0000000,0x00000000e0000000,0x00000000eb280000)
  from space 167424K, 23% used [0x00000000f4e80000,0x00000000f7503fe0,0x00000000ff200000)
  to   space 159744K, 0% used [0x00000000eb280000,0x00000000eb280000,0x00000000f4e80000)
 ParOldGen       total 785408K, used 597224K [0x00000000a0000000, 0x00000000cff00000, 0x00000000e0000000)
  object space 785408K, 76% used [0x00000000a0000000,0x00000000c473a1d8,0x00000000cff00000)
 Metaspace       used 124029K, capacity 128496K, committed 128640K, reserved 1161216K
  class space    used 15230K, capacity 16478K, committed 16512K, reserved 1048576K
}
Event: 930.904 GC heap before
{Heap before GC invocations=47 (full 6):
 PSYoungGen      total 350208K, used 222223K [0x00000000e0000000, 0x00000000fff00000, 0x0000000100000000)
  eden space 182784K, 100% used [0x00000000e0000000,0x00000000eb280000,0x00000000eb280000)
  from space 167424K, 23% used [0x00000000f4e80000,0x00000000f7503fe0,0x00000000ff200000)
  to   space 159744K, 0% used [0x00000000eb280000,0x00000000eb280000,0x00000000f4e80000)
 ParOldGen       total 785408K, used 597224K [0x00000000a0000000, 0x00000000cff00000, 0x00000000e0000000)
  object space 785408K, 76% used [0x00000000a0000000,0x00000000c473a1d8,0x00000000cff00000)
 Metaspace       used 124057K, capacity 128506K, committed 128640K, reserved 1161216K
  class space    used 15231K, capacity 16479K, committed 16512K, reserved 1048576K
Event: 930.935 GC heap after
Heap after GC invocations=47 (full 6):
 PSYoungGen      total 342528K, used 3119K [0x00000000e0000000, 0x00000000ff680000, 0x0000000100000000)
  eden space 182784K, 0% used [0x00000000e0000000,0x00000000e0000000,0x00000000eb280000)
  from space 159744K, 1% used [0x00000000eb280000,0x00000000eb58bdb8,0x00000000f4e80000)
  to   space 158720K, 0% used [0x00000000f5b80000,0x00000000f5b80000,0x00000000ff680000)
 ParOldGen       total 785408K, used 629898K [0x00000000a0000000, 0x00000000cff00000, 0x00000000e0000000)
  object space 785408K, 80% used [0x00000000a0000000,0x00000000c6722a70,0x00000000cff00000)
 Metaspace       used 124057K, capacity 128506K, committed 128640K, reserved 1161216K
  class space    used 15231K, capacity 16479K, committed 16512K, reserved 1048576K
}
Event: 965.983 GC heap before
{Heap before GC invocations=48 (full 6):
 PSYoungGen      total 342528K, used 185903K [0x00000000e0000000, 0x00000000ff680000, 0x0000000100000000)
  eden space 182784K, 100% used [0x00000000e0000000,0x00000000eb280000,0x00000000eb280000)
  from space 159744K, 1% used [0x00000000eb280000,0x00000000eb58bdb8,0x00000000f4e80000)
  to   space 158720K, 0% used [0x00000000f5b80000,0x00000000f5b80000,0x00000000ff680000)
 ParOldGen       total 785408K, used 629898K [0x00000000a0000000, 0x00000000cff00000, 0x00000000e0000000)
  object space 785408K, 80% used [0x00000000a0000000,0x00000000c6722a70,0x00000000cff00000)
 Metaspace       used 124386K, capacity 128992K, committed 129280K, reserved 1161216K
  class space    used 15271K, capacity 16530K, committed 16640K, reserved 1048576K
Event: 965.999 GC heap after
Heap after GC invocations=48 (full 6):
 PSYoungGen      total 358912K, used 7346K [0x00000000e0000000, 0x00000000ff900000, 0x0000000100000000)
  eden space 200192K, 0% used [0x00000000e0000000,0x00000000e0000000,0x00000000ec380000)
  from space 158720K, 4% used [0x00000000f5b80000,0x00000000f62acb08,0x00000000ff680000)
  to   space 155648K, 0% used [0x00000000ec380000,0x00000000ec380000,0x00000000f5b80000)
 ParOldGen       total 785408K, used 630205K [0x00000000a0000000, 0x00000000cff00000, 0x00000000e0000000)
  object space 785408K, 80% used [0x00000000a0000000,0x00000000c676f610,0x00000000cff00000)
 Metaspace       used 124386K, capacity 128992K, committed 129280K, reserved 1161216K
  class space    used 15271K, capacity 16530K, committed 16640K, reserved 1048576K
}
Event: 968.588 GC heap before
{Heap before GC invocations=49 (full 6):
 PSYoungGen      total 358912K, used 207538K [0x00000000e0000000, 0x00000000ff900000, 0x0000000100000000)
  eden space 200192K, 100% used [0x00000000e0000000,0x00000000ec380000,0x00000000ec380000)
  from space 158720K, 4% used [0x00000000f5b80000,0x00000000f62acb08,0x00000000ff680000)
  to   space 155648K, 0% used [0x00000000ec380000,0x00000000ec380000,0x00000000f5b80000)
 ParOldGen       total 785408K, used 630205K [0x00000000a0000000, 0x00000000cff00000, 0x00000000e0000000)
  object space 785408K, 80% used [0x00000000a0000000,0x00000000c676f610,0x00000000cff00000)
 Metaspace       used 129259K, capacity 134096K, committed 134144K, reserved 1167360K
  class space    used 15802K, capacity 17152K, committed 17152K, reserved 1048576K
Event: 968.661 GC heap after
Heap after GC invocations=49 (full 6):
 PSYoungGen      total 355840K, used 67869K [0x00000000e0000000, 0x00000000ff700000, 0x0000000100000000)
  eden space 200192K, 0% used [0x00000000e0000000,0x00000000e0000000,0x00000000ec380000)
  from space 155648K, 43% used [0x00000000ec380000,0x00000000f05c75a0,0x00000000f5b80000)
  to   space 152576K, 0% used [0x00000000f6200000,0x00000000f6200000,0x00000000ff700000)
 ParOldGen       total 785408K, used 636803K [0x00000000a0000000, 0x00000000cff00000, 0x00000000e0000000)
  object space 785408K, 81% used [0x00000000a0000000,0x00000000c6de0f60,0x00000000cff00000)
 Metaspace       used 129259K, capacity 134096K, committed 134144K, reserved 1167360K
  class space    used 15802K, capacity 17152K, committed 17152K, reserved 1048576K
}
Event: 970.574 GC heap before
{Heap before GC invocations=50 (full 6):
 PSYoungGen      total 355840K, used 268061K [0x00000000e0000000, 0x00000000ff700000, 0x0000000100000000)
  eden space 200192K, 100% used [0x00000000e0000000,0x00000000ec380000,0x00000000ec380000)
  from space 155648K, 43% used [0x00000000ec380000,0x00000000f05c75a0,0x00000000f5b80000)
  to   space 152576K, 0% used [0x00000000f6200000,0x00000000f6200000,0x00000000ff700000)
 ParOldGen       total 785408K, used 636803K [0x00000000a0000000, 0x00000000cff00000, 0x00000000e0000000)
  object space 785408K, 81% used [0x00000000a0000000,0x00000000c6de0f60,0x00000000cff00000)
 Metaspace       used 132687K, capacity 137548K, committed 137728K, reserved 1169408K
  class space    used 16272K, capacity 17640K, committed 17664K, reserved 1048576K
Event: 970.657 GC heap after
Heap after GC invocations=50 (full 6):
 PSYoungGen      total 355328K, used 45524K [0x00000000e0000000, 0x00000000fea00000, 0x0000000100000000)
  eden space 216064K, 0% used [0x00000000e0000000,0x00000000e0000000,0x00000000ed300000)
  from space 139264K, 32% used [0x00000000f6200000,0x00000000f8e75280,0x00000000fea00000)
  to   space 142848K, 0% used [0x00000000ed300000,0x00000000ed300000,0x00000000f5e80000)
 ParOldGen       total 785408K, used 696451K [0x00000000a0000000, 0x00000000cff00000, 0x00000000e0000000)
  object space 785408K, 88% used [0x00000000a0000000,0x00000000ca820cf0,0x00000000cff00000)
 Metaspace       used 132687K, capacity 137548K, committed 137728K, reserved 1169408K
  class space    used 16272K, capacity 17640K, committed 17664K, reserved 1048576K
}

