# JRE version: OpenJDK Runtime Environment (8.0_112-b06) (build 1.8.0_112-release-b06)
# Java VM: OpenJDK 64-Bit Server VM (25.112-b06 mixed mode windows-amd64 compressed oops)
Heap:
 PSYoungGen      total 347648K, used 2917K [0x00000000e0000000, 0x00000000ff800000, 0x0000000100000000)
  eden space 178176K, 0% used [0x00000000e0000000,0x00000000e0000000,0x00000000eae00000)
  from space 169472K, 1% used [0x00000000eae00000,0x00000000eb0d9590,0x00000000f5380000)
  to   space 166912K, 0% used [0x00000000f5500000,0x00000000f5500000,0x00000000ff800000)
 ParOldGen       total 895488K, used 814001K [0x00000000a0000000, 0x00000000d6a80000, 0x00000000e0000000)
  object space 895488K, 90% used [0x00000000a0000000,0x00000000d1aec628,0x00000000d6a80000)
 Metaspace       used 131603K, capacity 136792K, committed 141312K, reserved 1173504K
  class space    used 16268K, capacity 17520K, committed 18176K, reserved 1048576K
GC Heap History (10 events):
Event: 1783.975 GC heap after
Heap after GC invocations=40 (full 7):
 PSYoungGen      total 349696K, used 6853K [0x00000000e0000000, 0x0000000100000000, 0x0000000100000000)
  eden space 175104K, 0% used [0x00000000e0000000,0x00000000e0000000,0x00000000eab00000)
  from space 174592K, 3% used [0x00000000eab00000,0x00000000eb1b1590,0x00000000f5580000)
  to   space 174592K, 0% used [0x00000000f5580000,0x00000000f5580000,0x0000000100000000)
 ParOldGen       total 895488K, used 708808K [0x00000000a0000000, 0x00000000d6a80000, 0x00000000e0000000)
  object space 895488K, 79% used [0x00000000a0000000,0x00000000cb432268,0x00000000d6a80000)
 Metaspace       used 122575K, capacity 126868K, committed 140928K, reserved 1171456K
  class space    used 15146K, capacity 16212K, committed 18048K, reserved 1048576K
}
Event: 1787.673 GC heap before
{Heap before GC invocations=41 (full 7):
 PSYoungGen      total 349696K, used 181957K [0x00000000e0000000, 0x0000000100000000, 0x0000000100000000)
  eden space 175104K, 100% used [0x00000000e0000000,0x00000000eab00000,0x00000000eab00000)
  from space 174592K, 3% used [0x00000000eab00000,0x00000000eb1b1590,0x00000000f5580000)
  to   space 174592K, 0% used [0x00000000f5580000,0x00000000f5580000,0x0000000100000000)
 ParOldGen       total 895488K, used 708808K [0x00000000a0000000, 0x00000000d6a80000, 0x00000000e0000000)
  object space 895488K, 79% used [0x00000000a0000000,0x00000000cb432268,0x00000000d6a80000)
 Metaspace       used 127752K, capacity 132804K, committed 140928K, reserved 1171456K
  class space    used 15746K, capacity 16982K, committed 18048K, reserved 1048576K
Event: 1787.710 GC heap after
Heap after GC invocations=41 (full 7):
 PSYoungGen      total 349696K, used 32219K [0x00000000e0000000, 0x0000000100000000, 0x0000000100000000)
  eden space 175104K, 0% used [0x00000000e0000000,0x00000000e0000000,0x00000000eab00000)
  from space 174592K, 18% used [0x00000000f5580000,0x00000000f74f6cc8,0x0000000100000000)
  to   space 174592K, 0% used [0x00000000eab00000,0x00000000eab00000,0x00000000f5580000)
 ParOldGen       total 895488K, used 714767K [0x00000000a0000000, 0x00000000d6a80000, 0x00000000e0000000)
  object space 895488K, 79% used [0x00000000a0000000,0x00000000cba03e80,0x00000000d6a80000)
 Metaspace       used 127752K, capacity 132804K, committed 140928K, reserved 1171456K
  class space    used 15746K, capacity 16982K, committed 18048K, reserved 1048576K
}
Event: 1788.612 GC heap before
{Heap before GC invocations=42 (full 7):
 PSYoungGen      total 349696K, used 207323K [0x00000000e0000000, 0x0000000100000000, 0x0000000100000000)
  eden space 175104K, 100% used [0x00000000e0000000,0x00000000eab00000,0x00000000eab00000)
  from space 174592K, 18% used [0x00000000f5580000,0x00000000f74f6cc8,0x0000000100000000)
  to   space 174592K, 0% used [0x00000000eab00000,0x00000000eab00000,0x00000000f5580000)
 ParOldGen       total 895488K, used 714767K [0x00000000a0000000, 0x00000000d6a80000, 0x00000000e0000000)
  object space 895488K, 79% used [0x00000000a0000000,0x00000000cba03e80,0x00000000d6a80000)
 Metaspace       used 131454K, capacity 136550K, committed 141312K, reserved 1173504K
  class space    used 16246K, capacity 17487K, committed 18176K, reserved 1048576K
Event: 1788.702 GC heap after
Heap after GC invocations=42 (full 7):
 PSYoungGen      total 250368K, used 75073K [0x00000000e0000000, 0x00000000ffc00000, 0x0000000100000000)
  eden space 175104K, 0% used [0x00000000e0000000,0x00000000e0000000,0x00000000eab00000)
  from space 75264K, 99% used [0x00000000eab00000,0x00000000ef4507e0,0x00000000ef480000)
  to   space 172544K, 0% used [0x00000000f5380000,0x00000000f5380000,0x00000000ffc00000)
 ParOldGen       total 895488K, used 741774K [0x00000000a0000000, 0x00000000d6a80000, 0x00000000e0000000)
  object space 895488K, 82% used [0x00000000a0000000,0x00000000cd463aa8,0x00000000d6a80000)
 Metaspace       used 131454K, capacity 136550K, committed 141312K, reserved 1173504K
  class space    used 16246K, capacity 17487K, committed 18176K, reserved 1048576K
}
Event: 1792.094 GC heap before
{Heap before GC invocations=43 (full 7):
 PSYoungGen      total 250368K, used 247896K [0x00000000e0000000, 0x00000000ffc00000, 0x0000000100000000)
  eden space 175104K, 98% used [0x00000000e0000000,0x00000000ea8c59b8,0x00000000eab00000)
  from space 75264K, 99% used [0x00000000eab00000,0x00000000ef4507e0,0x00000000ef480000)
  to   space 172544K, 0% used [0x00000000f5380000,0x00000000f5380000,0x00000000ffc00000)
 ParOldGen       total 895488K, used 741774K [0x00000000a0000000, 0x00000000d6a80000, 0x00000000e0000000)
  object space 895488K, 82% used [0x00000000a0000000,0x00000000cd463aa8,0x00000000d6a80000)
 Metaspace       used 131527K, capacity 136676K, committed 141312K, reserved 1173504K
  class space    used 16258K, capacity 17508K, committed 18176K, reserved 1048576K
Event: 1792.178 GC heap after
Heap after GC invocations=43 (full 7):
 PSYoungGen      total 350720K, used 12493K [0x00000000e0000000, 0x0000000100000000, 0x0000000100000000)
  eden space 178176K, 0% used [0x00000000e0000000,0x00000000e0000000,0x00000000eae00000)
  from space 172544K, 7% used [0x00000000f5380000,0x00000000f5fb37c0,0x00000000ffc00000)
  to   space 169472K, 0% used [0x00000000eae00000,0x00000000eae00000,0x00000000f5380000)
 ParOldGen       total 895488K, used 809402K [0x00000000a0000000, 0x00000000d6a80000, 0x00000000e0000000)
  object space 895488K, 90% used [0x00000000a0000000,0x00000000d166e850,0x00000000d6a80000)
 Metaspace       used 131527K, capacity 136676K, committed 141312K, reserved 1173504K
  class space    used 16258K, capacity 17508K, committed 18176K, reserved 1048576K
}
Event: 1835.519 GC heap before
{Heap before GC invocations=44 (full 7):
 PSYoungGen      total 350720K, used 190669K [0x00000000e0000000, 0x0000000100000000, 0x0000000100000000)
  eden space 178176K, 100% used [0x00000000e0000000,0x00000000eae00000,0x00000000eae00000)
  from space 172544K, 7% used [0x00000000f5380000,0x00000000f5fb37c0,0x00000000ffc00000)
  to   space 169472K, 0% used [0x00000000eae00000,0x00000000eae00000,0x00000000f5380000)
 ParOldGen       total 895488K, used 809402K [0x00000000a0000000, 0x00000000d6a80000, 0x00000000e0000000)
  object space 895488K, 90% used [0x00000000a0000000,0x00000000d166e850,0x00000000d6a80000)
 Metaspace       used 131603K, capacity 136792K, committed 141312K, reserved 1173504K
  class space    used 16268K, capacity 17520K, committed 18176K, reserved 1048576K
Event: 1835.532 GC heap after
Heap after GC invocations=44 (full 7):
 PSYoungGen      total 347648K, used 2917K [0x00000000e0000000, 0x00000000ff800000, 0x0000000100000000)
  eden space 178176K, 0% used [0x00000000e0000000,0x00000000e0000000,0x00000000eae00000)
  from space 169472K, 1% used [0x00000000eae00000,0x00000000eb0d9590,0x00000000f5380000)
  to   space 166912K, 0% used [0x00000000f5500000,0x00000000f5500000,0x00000000ff800000)
 ParOldGen       total 895488K, used 814001K [0x00000000a0000000, 0x00000000d6a80000, 0x00000000e0000000)
  object space 895488K, 90% used [0x00000000a0000000,0x00000000d1aec628,0x00000000d6a80000)
 Metaspace       used 131603K, capacity 136792K, committed 141312K, reserved 1173504K
  class space    used 16268K, capacity 17520K, committed 18176K, reserved 1048576K
}
Event: 1835.532 GC heap before
{Heap before GC invocations=45 (full 8):
 PSYoungGen      total 347648K, used 2917K [0x00000000e0000000, 0x00000000ff800000, 0x0000000100000000)
  eden space 178176K, 0% used [0x00000000e0000000,0x00000000e0000000,0x00000000eae00000)
  from space 169472K, 1% used [0x00000000eae00000,0x00000000eb0d9590,0x00000000f5380000)
  to   space 166912K, 0% used [0x00000000f5500000,0x00000000f5500000,0x00000000ff800000)
 ParOldGen       total 895488K, used 814001K [0x00000000a0000000, 0x00000000d6a80000, 0x00000000e0000000)
  object space 895488K, 90% used [0x00000000a0000000,0x00000000d1aec628,0x00000000d6a80000)
 Metaspace       used 131603K, capacity 136792K, committed 141312K, reserved 1173504K
  class space    used 16268K, capacity 17520K, committed 18176K, reserved 1048576K

