# JRE version: OpenJDK Runtime Environment (8.0_112-b06) (build 1.8.0_112-release-b06)
# Java VM: OpenJDK 64-Bit Server VM (25.112-b06 mixed mode windows-amd64 compressed oops)
Heap:
 PSYoungGen      total 331264K, used 135346K [0x00000000e0000000, 0x0000000100000000, 0x0000000100000000)
  eden space 195584K, 0% used [0x00000000e0000000,0x00000000e0000000,0x00000000ebf00000)
  from space 135680K, 99% used [0x00000000ebf00000,0x00000000f432c998,0x00000000f4380000)
  to   space 174592K, 0% used [0x00000000f5580000,0x00000000f5580000,0x0000000100000000)
 ParOldGen       total 615936K, used 615755K [0x00000000a0000000, 0x00000000c5980000, 0x00000000e0000000)
  object space 615936K, 99% used [0x00000000a0000000,0x00000000c5952fa8,0x00000000c5980000)
 Metaspace       used 112028K, capacity 116482K, committed 116736K, reserved 1150976K
  class space    used 13946K, capacity 14799K, committed 14848K, reserved 1048576K
GC Heap History (10 events):
Event: 2721.416 GC heap after
Heap after GC invocations=71 (full 8):
 PSYoungGen      total 366592K, used 16241K [0x00000000e0000000, 0x0000000100000000, 0x0000000100000000)
  eden space 219136K, 0% used [0x00000000e0000000,0x00000000e0000000,0x00000000ed600000)
  from space 147456K, 11% used [0x00000000ed600000,0x00000000ee5dc500,0x00000000f6600000)
  to   space 147968K, 0% used [0x00000000f6f80000,0x00000000f6f80000,0x0000000100000000)
 ParOldGen       total 615424K, used 547998K [0x00000000a0000000, 0x00000000c5900000, 0x00000000e0000000)
  object space 615424K, 89% used [0x00000000a0000000,0x00000000c1727860,0x00000000c5900000)
 Metaspace       used 103525K, capacity 107538K, committed 110720K, reserved 1144832K
  class space    used 12842K, capacity 13629K, committed 14464K, reserved 1048576K
}
Event: 2724.833 GC heap before
{Heap before GC invocations=72 (full 8):
 PSYoungGen      total 366592K, used 235377K [0x00000000e0000000, 0x0000000100000000, 0x0000000100000000)
  eden space 219136K, 100% used [0x00000000e0000000,0x00000000ed600000,0x00000000ed600000)
  from space 147456K, 11% used [0x00000000ed600000,0x00000000ee5dc500,0x00000000f6600000)
  to   space 147968K, 0% used [0x00000000f6f80000,0x00000000f6f80000,0x0000000100000000)
 ParOldGen       total 615424K, used 547998K [0x00000000a0000000, 0x00000000c5900000, 0x00000000e0000000)
  object space 615424K, 89% used [0x00000000a0000000,0x00000000c1727860,0x00000000c5900000)
 Metaspace       used 107614K, capacity 111692K, committed 112256K, reserved 1146880K
  class space    used 13368K, capacity 14170K, committed 14464K, reserved 1048576K
Event: 2724.898 GC heap after
Heap after GC invocations=72 (full 8):
 PSYoungGen      total 374272K, used 81271K [0x00000000e0000000, 0x00000000ffd80000, 0x0000000100000000)
  eden space 228864K, 0% used [0x00000000e0000000,0x00000000e0000000,0x00000000edf80000)
  from space 145408K, 55% used [0x00000000f6f80000,0x00000000fbeddd88,0x00000000ffd80000)
  to   space 146432K, 0% used [0x00000000edf80000,0x00000000edf80000,0x00000000f6e80000)
 ParOldGen       total 615424K, used 549712K [0x00000000a0000000, 0x00000000c5900000, 0x00000000e0000000)
  object space 615424K, 89% used [0x00000000a0000000,0x00000000c18d4318,0x00000000c5900000)
 Metaspace       used 107614K, capacity 111692K, committed 112256K, reserved 1146880K
  class space    used 13368K, capacity 14170K, committed 14464K, reserved 1048576K
}
Event: 2740.727 GC heap before
{Heap before GC invocations=73 (full 8):
 PSYoungGen      total 374272K, used 310135K [0x00000000e0000000, 0x00000000ffd80000, 0x0000000100000000)
  eden space 228864K, 100% used [0x00000000e0000000,0x00000000edf80000,0x00000000edf80000)
  from space 145408K, 55% used [0x00000000f6f80000,0x00000000fbeddd88,0x00000000ffd80000)
  to   space 146432K, 0% used [0x00000000edf80000,0x00000000edf80000,0x00000000f6e80000)
 ParOldGen       total 615424K, used 549712K [0x00000000a0000000, 0x00000000c5900000, 0x00000000e0000000)
  object space 615424K, 89% used [0x00000000a0000000,0x00000000c18d4318,0x00000000c5900000)
 Metaspace       used 107722K, capacity 111910K, committed 112512K, reserved 1146880K
  class space    used 13383K, capacity 14189K, committed 14464K, reserved 1048576K
Event: 2740.802 GC heap after
Heap after GC invocations=73 (full 8):
 PSYoungGen      total 332800K, used 103798K [0x00000000e0000000, 0x0000000100000000, 0x0000000100000000)
  eden space 228864K, 0% used [0x00000000e0000000,0x00000000e0000000,0x00000000edf80000)
  from space 103936K, 99% used [0x00000000edf80000,0x00000000f44dda00,0x00000000f4500000)
  to   space 153088K, 0% used [0x00000000f6a80000,0x00000000f6a80000,0x0000000100000000)
 ParOldGen       total 615424K, used 549728K [0x00000000a0000000, 0x00000000c5900000, 0x00000000e0000000)
  object space 615424K, 89% used [0x00000000a0000000,0x00000000c18d8318,0x00000000c5900000)
 Metaspace       used 107722K, capacity 111910K, committed 112512K, reserved 1146880K
  class space    used 13383K, capacity 14189K, committed 14464K, reserved 1048576K
}
Event: 2745.377 GC heap before
{Heap before GC invocations=74 (full 8):
 PSYoungGen      total 332800K, used 332662K [0x00000000e0000000, 0x0000000100000000, 0x0000000100000000)
  eden space 228864K, 100% used [0x00000000e0000000,0x00000000edf80000,0x00000000edf80000)
  from space 103936K, 99% used [0x00000000edf80000,0x00000000f44dda00,0x00000000f4500000)
  to   space 153088K, 0% used [0x00000000f6a80000,0x00000000f6a80000,0x0000000100000000)
 ParOldGen       total 615424K, used 549728K [0x00000000a0000000, 0x00000000c5900000, 0x00000000e0000000)
  object space 615424K, 89% used [0x00000000a0000000,0x00000000c18d8318,0x00000000c5900000)
 Metaspace       used 108006K, capacity 112404K, committed 112896K, reserved 1146880K
  class space    used 13421K, capacity 14260K, committed 14592K, reserved 1048576K
Event: 2745.480 GC heap after
Heap after GC invocations=74 (full 8):
 PSYoungGen      total 348672K, used 120586K [0x00000000e0000000, 0x0000000100000000, 0x0000000100000000)
  eden space 195584K, 0% used [0x00000000e0000000,0x00000000e0000000,0x00000000ebf00000)
  from space 153088K, 78% used [0x00000000f6a80000,0x00000000fe042a68,0x0000000100000000)
  to   space 164352K, 0% used [0x00000000ebf00000,0x00000000ebf00000,0x00000000f5f80000)
 ParOldGen       total 615424K, used 549848K [0x00000000a0000000, 0x00000000c5900000, 0x00000000e0000000)
  object space 615424K, 89% used [0x00000000a0000000,0x00000000c18f6318,0x00000000c5900000)
 Metaspace       used 108006K, capacity 112404K, committed 112896K, reserved 1146880K
  class space    used 13421K, capacity 14260K, committed 14592K, reserved 1048576K
}
Event: 2746.604 GC heap before
{Heap before GC invocations=75 (full 8):
 PSYoungGen      total 348672K, used 316170K [0x00000000e0000000, 0x0000000100000000, 0x0000000100000000)
  eden space 195584K, 100% used [0x00000000e0000000,0x00000000ebf00000,0x00000000ebf00000)
  from space 153088K, 78% used [0x00000000f6a80000,0x00000000fe042a68,0x0000000100000000)
  to   space 164352K, 0% used [0x00000000ebf00000,0x00000000ebf00000,0x00000000f5f80000)
 ParOldGen       total 615424K, used 549848K [0x00000000a0000000, 0x00000000c5900000, 0x00000000e0000000)
  object space 615424K, 89% used [0x00000000a0000000,0x00000000c18f6318,0x00000000c5900000)
 Metaspace       used 112028K, capacity 116482K, committed 116736K, reserved 1150976K
  class space    used 13946K, capacity 14799K, committed 14848K, reserved 1048576K
Event: 2746.870 GC heap after
Heap after GC invocations=75 (full 8):
 PSYoungGen      total 331264K, used 135346K [0x00000000e0000000, 0x0000000100000000, 0x0000000100000000)
  eden space 195584K, 0% used [0x00000000e0000000,0x00000000e0000000,0x00000000ebf00000)
  from space 135680K, 99% used [0x00000000ebf00000,0x00000000f432c998,0x00000000f4380000)
  to   space 174592K, 0% used [0x00000000f5580000,0x00000000f5580000,0x0000000100000000)
 ParOldGen       total 615936K, used 615755K [0x00000000a0000000, 0x00000000c5980000, 0x00000000e0000000)
  object space 615936K, 99% used [0x00000000a0000000,0x00000000c5952fa8,0x00000000c5980000)
 Metaspace       used 112028K, capacity 116482K, committed 116736K, reserved 1150976K
  class space    used 13946K, capacity 14799K, committed 14848K, reserved 1048576K
}
Event: 2746.870 GC heap before
{Heap before GC invocations=76 (full 9):
 PSYoungGen      total 331264K, used 135346K [0x00000000e0000000, 0x0000000100000000, 0x0000000100000000)
  eden space 195584K, 0% used [0x00000000e0000000,0x00000000e0000000,0x00000000ebf00000)
  from space 135680K, 99% used [0x00000000ebf00000,0x00000000f432c998,0x00000000f4380000)
  to   space 174592K, 0% used [0x00000000f5580000,0x00000000f5580000,0x0000000100000000)
 ParOldGen       total 615936K, used 615755K [0x00000000a0000000, 0x00000000c5980000, 0x00000000e0000000)
  object space 615936K, 99% used [0x00000000a0000000,0x00000000c5952fa8,0x00000000c5980000)
 Metaspace       used 112028K, capacity 116482K, committed 116736K, reserved 1150976K
  class space    used 13946K, capacity 14799K, committed 14848K, reserved 1048576K

